
> build
> tsc

src/index.ts(2,1): error TS6133: 'functions' is declared but its value is never read.
src/webhooks.ts(5,7): error TS6133: 'stripe' is declared but its value is never read.
src/webhooks.ts(12,11): error TS6133: 'sig' is declared but its value is never read.
src/webhooks.ts(13,11): error TS6133: 'endpointSecret' is declared but its value is never read.
npm error Lifecycle script `build` failed with error:
npm error code 2
npm error path C:\Users\jason\Desktop\laundry-hive\apps\functions
npm error workspace functions
npm error location C:\Users\jason\Desktop\laundry-hive\apps\functions
npm error command failed
